May 05 14:31:57 Installed: 1:perl-parent-0.225-244.el7.noarch
May 05 14:31:57 Installed: perl-HTTP-Tiny-0.033-3.el7.noarch
May 05 14:31:57 Installed: perl-podlators-2.5.1-3.el7.noarch
May 05 14:31:57 Installed: perl-Pod-Perldoc-3.20-4.el7.noarch
May 05 14:31:57 Installed: 1:perl-Pod-Escapes-1.04-294.el7_6.noarch
May 05 14:31:57 Installed: perl-Encode-2.51-7.el7.x86_64
May 05 14:31:57 Installed: perl-Text-ParseWords-3.29-4.el7.noarch
May 05 14:31:57 Installed: perl-Pod-Usage-1.63-3.el7.noarch
May 05 14:31:58 Installed: 4:perl-libs-5.16.3-294.el7_6.x86_64
May 05 14:31:58 Installed: 4:perl-macros-5.16.3-294.el7_6.x86_64
May 05 14:31:58 Installed: 4:perl-Time-HiRes-1.9725-3.el7.x86_64
May 05 14:31:58 Installed: perl-Exporter-5.68-3.el7.noarch
May 05 14:31:58 Installed: perl-constant-1.27-2.el7.noarch
May 05 14:31:58 Installed: perl-Time-Local-1.2300-2.el7.noarch
May 05 14:31:58 Installed: perl-Socket-2.010-4.el7.x86_64
May 05 14:31:58 Installed: perl-Carp-1.26-244.el7.noarch
May 05 14:31:58 Installed: perl-Storable-2.45-3.el7.x86_64
May 05 14:31:58 Installed: perl-PathTools-3.40-5.el7.x86_64
May 05 14:31:58 Installed: perl-Scalar-List-Utils-1.27-248.el7.x86_64
May 05 14:31:58 Installed: perl-File-Temp-0.23.01-3.el7.noarch
May 05 14:31:58 Installed: perl-File-Path-2.09-2.el7.noarch
May 05 14:31:58 Installed: perl-threads-shared-1.43-6.el7.x86_64
May 05 14:31:58 Installed: perl-threads-1.87-4.el7.x86_64
May 05 14:31:58 Installed: 1:perl-Pod-Simple-3.28-4.el7.noarch
May 05 14:31:58 Installed: perl-Filter-1.49-3.el7.x86_64
May 05 14:31:58 Installed: perl-Getopt-Long-2.40-3.el7.noarch
May 05 14:32:00 Installed: 4:perl-5.16.3-294.el7_6.x86_64
May 05 14:32:00 Installed: 1:perl-Error-0.17020-2.el7.noarch
May 05 14:32:00 Installed: perl-TermReadKey-2.30-20.el7.x86_64
May 05 14:32:00 Installed: perl-Git-1.8.3.1-20.el7.noarch
May 05 14:32:02 Installed: git-1.8.3.1-20.el7.x86_64
May 05 14:32:22 Erased: git-1.8.3.1-20.el7.x86_64
May 05 14:32:22 Erased: perl-Git-1.8.3.1-20.el7.noarch
May 05 14:32:56 Installed: git-1.8.3.1-20.el7.x86_64
May 05 14:32:56 Installed: perl-Git-1.8.3.1-20.el7.noarch
May 05 15:27:41 Installed: gpm-libs-1.20.7-5.el7.x86_64
May 05 15:27:41 Installed: 2:vim-filesystem-7.4.160-5.el7.x86_64
May 05 15:27:43 Installed: 2:vim-common-7.4.160-5.el7.x86_64
May 05 15:27:43 Installed: 2:vim-enhanced-7.4.160-5.el7.x86_64
